<?xml version="1.0" encoding="UTF-8"?>
<testsuite xmlns:xsi="http://www.w3.org/2001/XMLSchema-instance" xsi:noNamespaceSchemaLocation="https://maven.apache.org/surefire/maven-surefire-plugin/xsd/surefire-test-report.xsd" name="com.sicredi.votacao.internal.interactors.schedulle.GetAllSchedulesUseCaseTest" time="0.008" tests="1" errors="0" skipped="0" failures="0">
  <properties>
    <property name="sun.desktop" value="gnome"/>
    <property name="awt.toolkit" value="sun.awt.X11.XToolkit"/>
    <property name="java.specification.version" value="11"/>
    <property name="sun.cpu.isalist" value=""/>
    <property name="sun.jnu.encoding" value="UTF-8"/>
    <property name="java.class.path" value="/home/viniciusscot/Documentos/JAVA-WORKSPACE/ESTUDO/api-springboot-votacao/target/test-classes:/home/viniciusscot/Documentos/JAVA-WORKSPACE/ESTUDO/api-springboot-votacao/target/classes:/home/viniciusscot/.m2/repository/org/springframework/boot/spring-boot-starter-data-mongodb/2.5.0/spring-boot-starter-data-mongodb-2.5.0.jar:/home/viniciusscot/.m2/repository/org/springframework/boot/spring-boot-starter/2.5.0/spring-boot-starter-2.5.0.jar:/home/viniciusscot/.m2/repository/org/springframework/boot/spring-boot/2.5.0/spring-boot-2.5.0.jar:/home/viniciusscot/.m2/repository/org/springframework/boot/spring-boot-autoconfigure/2.5.0/spring-boot-autoconfigure-2.5.0.jar:/home/viniciusscot/.m2/repository/org/springframework/boot/spring-boot-starter-logging/2.5.0/spring-boot-starter-logging-2.5.0.jar:/home/viniciusscot/.m2/repository/ch/qos/logback/logback-classic/1.2.3/logback-classic-1.2.3.jar:/home/viniciusscot/.m2/repository/ch/qos/logback/logback-core/1.2.3/logback-core-1.2.3.jar:/home/viniciusscot/.m2/repository/org/apache/logging/log4j/log4j-to-slf4j/2.14.1/log4j-to-slf4j-2.14.1.jar:/home/viniciusscot/.m2/repository/org/apache/logging/log4j/log4j-api/2.14.1/log4j-api-2.14.1.jar:/home/viniciusscot/.m2/repository/org/slf4j/jul-to-slf4j/1.7.30/jul-to-slf4j-1.7.30.jar:/home/viniciusscot/.m2/repository/jakarta/annotation/jakarta.annotation-api/1.3.5/jakarta.annotation-api-1.3.5.jar:/home/viniciusscot/.m2/repository/org/yaml/snakeyaml/1.28/snakeyaml-1.28.jar:/home/viniciusscot/.m2/repository/org/mongodb/mongodb-driver-sync/4.2.3/mongodb-driver-sync-4.2.3.jar:/home/viniciusscot/.m2/repository/org/mongodb/bson/4.2.3/bson-4.2.3.jar:/home/viniciusscot/.m2/repository/org/mongodb/mongodb-driver-core/4.2.3/mongodb-driver-core-4.2.3.jar:/home/viniciusscot/.m2/repository/org/springframework/data/spring-data-mongodb/3.2.1/spring-data-mongodb-3.2.1.jar:/home/viniciusscot/.m2/repository/org/springframework/spring-beans/5.3.7/spring-beans-5.3.7.jar:/home/viniciusscot/.m2/repository/org/springframework/spring-expression/5.3.7/spring-expression-5.3.7.jar:/home/viniciusscot/.m2/repository/org/springframework/data/spring-data-commons/2.5.1/spring-data-commons-2.5.1.jar:/home/viniciusscot/.m2/repository/de/flapdoodle/embed/de.flapdoodle.embed.mongo/3.0.0/de.flapdoodle.embed.mongo-3.0.0.jar:/home/viniciusscot/.m2/repository/de/flapdoodle/embed/de.flapdoodle.embed.process/3.0.1/de.flapdoodle.embed.process-3.0.1.jar:/home/viniciusscot/.m2/repository/org/apache/commons/commons-compress/1.20/commons-compress-1.20.jar:/home/viniciusscot/.m2/repository/net/java/dev/jna/jna/5.6.0/jna-5.6.0.jar:/home/viniciusscot/.m2/repository/net/java/dev/jna/jna-platform/5.6.0/jna-platform-5.6.0.jar:/home/viniciusscot/.m2/repository/org/springframework/boot/spring-boot-starter-web/2.5.0/spring-boot-starter-web-2.5.0.jar:/home/viniciusscot/.m2/repository/org/springframework/boot/spring-boot-starter-json/2.5.0/spring-boot-starter-json-2.5.0.jar:/home/viniciusscot/.m2/repository/com/fasterxml/jackson/datatype/jackson-datatype-jdk8/2.12.3/jackson-datatype-jdk8-2.12.3.jar:/home/viniciusscot/.m2/repository/com/fasterxml/jackson/module/jackson-module-parameter-names/2.12.3/jackson-module-parameter-names-2.12.3.jar:/home/viniciusscot/.m2/repository/org/springframework/boot/spring-boot-starter-tomcat/2.5.0/spring-boot-starter-tomcat-2.5.0.jar:/home/viniciusscot/.m2/repository/org/apache/tomcat/embed/tomcat-embed-core/9.0.46/tomcat-embed-core-9.0.46.jar:/home/viniciusscot/.m2/repository/org/apache/tomcat/embed/tomcat-embed-websocket/9.0.46/tomcat-embed-websocket-9.0.46.jar:/home/viniciusscot/.m2/repository/org/springframework/spring-web/5.3.7/spring-web-5.3.7.jar:/home/viniciusscot/.m2/repository/org/springframework/spring-webmvc/5.3.7/spring-webmvc-5.3.7.jar:/home/viniciusscot/.m2/repository/org/springframework/cloud/spring-cloud-starter-config/3.0.4/spring-cloud-starter-config-3.0.4.jar:/home/viniciusscot/.m2/repository/org/springframework/cloud/spring-cloud-starter/3.0.3/spring-cloud-starter-3.0.3.jar:/home/viniciusscot/.m2/repository/org/springframework/cloud/spring-cloud-context/3.0.3/spring-cloud-context-3.0.3.jar:/home/viniciusscot/.m2/repository/org/springframework/security/spring-security-rsa/1.0.10.RELEASE/spring-security-rsa-1.0.10.RELEASE.jar:/home/viniciusscot/.m2/repository/org/bouncycastle/bcpkix-jdk15on/1.68/bcpkix-jdk15on-1.68.jar:/home/viniciusscot/.m2/repository/org/bouncycastle/bcprov-jdk15on/1.68/bcprov-jdk15on-1.68.jar:/home/viniciusscot/.m2/repository/org/springframework/cloud/spring-cloud-config-client/3.0.4/spring-cloud-config-client-3.0.4.jar:/home/viniciusscot/.m2/repository/com/fasterxml/jackson/core/jackson-databind/2.12.3/jackson-databind-2.12.3.jar:/home/viniciusscot/.m2/repository/org/springframework/boot/spring-boot-starter-actuator/2.5.0/spring-boot-starter-actuator-2.5.0.jar:/home/viniciusscot/.m2/repository/org/springframework/boot/spring-boot-actuator-autoconfigure/2.5.0/spring-boot-actuator-autoconfigure-2.5.0.jar:/home/viniciusscot/.m2/repository/org/springframework/boot/spring-boot-actuator/2.5.0/spring-boot-actuator-2.5.0.jar:/home/viniciusscot/.m2/repository/io/micrometer/micrometer-core/1.7.0/micrometer-core-1.7.0.jar:/home/viniciusscot/.m2/repository/org/hdrhistogram/HdrHistogram/2.1.12/HdrHistogram-2.1.12.jar:/home/viniciusscot/.m2/repository/org/latencyutils/LatencyUtils/2.0.3/LatencyUtils-2.0.3.jar:/home/viniciusscot/.m2/repository/org/mapstruct/mapstruct/1.4.2.Final/mapstruct-1.4.2.Final.jar:/home/viniciusscot/.m2/repository/com/fasterxml/jackson/datatype/jackson-datatype-jsr310/2.12.3/jackson-datatype-jsr310-2.12.3.jar:/home/viniciusscot/.m2/repository/com/fasterxml/jackson/core/jackson-annotations/2.12.3/jackson-annotations-2.12.3.jar:/home/viniciusscot/.m2/repository/com/fasterxml/jackson/core/jackson-core/2.12.3/jackson-core-2.12.3.jar:/home/viniciusscot/.m2/repository/org/openapitools/jackson-databind-nullable/0.2.1/jackson-databind-nullable-0.2.1.jar:/home/viniciusscot/.m2/repository/io/micrometer/micrometer-registry-prometheus/1.7.0/micrometer-registry-prometheus-1.7.0.jar:/home/viniciusscot/.m2/repository/io/prometheus/simpleclient_common/0.10.0/simpleclient_common-0.10.0.jar:/home/viniciusscot/.m2/repository/io/prometheus/simpleclient/0.10.0/simpleclient-0.10.0.jar:/home/viniciusscot/.m2/repository/org/springframework/boot/spring-boot-starter-aop/2.5.0/spring-boot-starter-aop-2.5.0.jar:/home/viniciusscot/.m2/repository/org/springframework/spring-aop/5.3.7/spring-aop-5.3.7.jar:/home/viniciusscot/.m2/repository/org/aspectj/aspectjweaver/1.9.6/aspectjweaver-1.9.6.jar:/home/viniciusscot/.m2/repository/org/springframework/cloud/spring-cloud-starter-openfeign/3.0.3/spring-cloud-starter-openfeign-3.0.3.jar:/home/viniciusscot/.m2/repository/org/springframework/cloud/spring-cloud-openfeign-core/3.0.3/spring-cloud-openfeign-core-3.0.3.jar:/home/viniciusscot/.m2/repository/io/github/openfeign/form/feign-form-spring/3.8.0/feign-form-spring-3.8.0.jar:/home/viniciusscot/.m2/repository/io/github/openfeign/form/feign-form/3.8.0/feign-form-3.8.0.jar:/home/viniciusscot/.m2/repository/commons-fileupload/commons-fileupload/1.4/commons-fileupload-1.4.jar:/home/viniciusscot/.m2/repository/commons-io/commons-io/2.2/commons-io-2.2.jar:/home/viniciusscot/.m2/repository/org/springframework/cloud/spring-cloud-commons/3.0.3/spring-cloud-commons-3.0.3.jar:/home/viniciusscot/.m2/repository/org/springframework/security/spring-security-crypto/5.5.0/spring-security-crypto-5.5.0.jar:/home/viniciusscot/.m2/repository/io/github/openfeign/feign-core/10.12/feign-core-10.12.jar:/home/viniciusscot/.m2/repository/io/github/openfeign/feign-slf4j/10.12/feign-slf4j-10.12.jar:/home/viniciusscot/.m2/repository/org/springframework/boot/spring-boot-starter-validation/2.5.0/spring-boot-starter-validation-2.5.0.jar:/home/viniciusscot/.m2/repository/org/apache/tomcat/embed/tomcat-embed-el/9.0.46/tomcat-embed-el-9.0.46.jar:/home/viniciusscot/.m2/repository/org/hibernate/validator/hibernate-validator/6.2.0.Final/hibernate-validator-6.2.0.Final.jar:/home/viniciusscot/.m2/repository/jakarta/validation/jakarta.validation-api/2.0.2/jakarta.validation-api-2.0.2.jar:/home/viniciusscot/.m2/repository/org/jboss/logging/jboss-logging/3.4.1.Final/jboss-logging-3.4.1.Final.jar:/home/viniciusscot/.m2/repository/io/github/resilience4j/resilience4j-spring-boot2/1.7.0/resilience4j-spring-boot2-1.7.0.jar:/home/viniciusscot/.m2/repository/io/vavr/vavr/0.10.2/vavr-0.10.2.jar:/home/viniciusscot/.m2/repository/io/vavr/vavr-match/0.10.2/vavr-match-0.10.2.jar:/home/viniciusscot/.m2/repository/org/slf4j/slf4j-api/1.7.30/slf4j-api-1.7.30.jar:/home/viniciusscot/.m2/repository/io/github/resilience4j/resilience4j-spring/1.7.0/resilience4j-spring-1.7.0.jar:/home/viniciusscot/.m2/repository/io/github/resilience4j/resilience4j-annotations/1.7.0/resilience4j-annotations-1.7.0.jar:/home/viniciusscot/.m2/repository/io/github/resilience4j/resilience4j-consumer/1.7.0/resilience4j-consumer-1.7.0.jar:/home/viniciusscot/.m2/repository/io/github/resilience4j/resilience4j-core/1.7.0/resilience4j-core-1.7.0.jar:/home/viniciusscot/.m2/repository/io/github/resilience4j/resilience4j-circularbuffer/1.7.0/resilience4j-circularbuffer-1.7.0.jar:/home/viniciusscot/.m2/repository/io/github/resilience4j/resilience4j-framework-common/1.7.0/resilience4j-framework-common-1.7.0.jar:/home/viniciusscot/.m2/repository/io/github/resilience4j/resilience4j-circuitbreaker/1.7.0/resilience4j-circuitbreaker-1.7.0.jar:/home/viniciusscot/.m2/repository/io/github/resilience4j/resilience4j-ratelimiter/1.7.0/resilience4j-ratelimiter-1.7.0.jar:/home/viniciusscot/.m2/repository/io/github/resilience4j/resilience4j-retry/1.7.0/resilience4j-retry-1.7.0.jar:/home/viniciusscot/.m2/repository/io/github/resilience4j/resilience4j-bulkhead/1.7.0/resilience4j-bulkhead-1.7.0.jar:/home/viniciusscot/.m2/repository/io/github/resilience4j/resilience4j-timelimiter/1.7.0/resilience4j-timelimiter-1.7.0.jar:/home/viniciusscot/.m2/repository/io/github/resilience4j/resilience4j-micrometer/1.7.0/resilience4j-micrometer-1.7.0.jar:/home/viniciusscot/.m2/repository/io/springfox/springfox-swagger2/2.9.2/springfox-swagger2-2.9.2.jar:/home/viniciusscot/.m2/repository/io/swagger/swagger-annotations/1.5.20/swagger-annotations-1.5.20.jar:/home/viniciusscot/.m2/repository/io/swagger/swagger-models/1.5.20/swagger-models-1.5.20.jar:/home/viniciusscot/.m2/repository/io/springfox/springfox-spi/2.9.2/springfox-spi-2.9.2.jar:/home/viniciusscot/.m2/repository/io/springfox/springfox-core/2.9.2/springfox-core-2.9.2.jar:/home/viniciusscot/.m2/repository/io/springfox/springfox-schema/2.9.2/springfox-schema-2.9.2.jar:/home/viniciusscot/.m2/repository/io/springfox/springfox-swagger-common/2.9.2/springfox-swagger-common-2.9.2.jar:/home/viniciusscot/.m2/repository/io/springfox/springfox-spring-web/2.9.2/springfox-spring-web-2.9.2.jar:/home/viniciusscot/.m2/repository/com/google/guava/guava/20.0/guava-20.0.jar:/home/viniciusscot/.m2/repository/com/fasterxml/classmate/1.5.1/classmate-1.5.1.jar:/home/viniciusscot/.m2/repository/org/springframework/plugin/spring-plugin-core/1.2.0.RELEASE/spring-plugin-core-1.2.0.RELEASE.jar:/home/viniciusscot/.m2/repository/org/springframework/plugin/spring-plugin-metadata/1.2.0.RELEASE/spring-plugin-metadata-1.2.0.RELEASE.jar:/home/viniciusscot/.m2/repository/io/springfox/springfox-bean-validators/2.9.2/springfox-bean-validators-2.9.2.jar:/home/viniciusscot/.m2/repository/io/springfox/springfox-swagger-ui/2.9.2/springfox-swagger-ui-2.9.2.jar:/home/viniciusscot/.m2/repository/org/springframework/boot/spring-boot-starter-test/2.5.0/spring-boot-starter-test-2.5.0.jar:/home/viniciusscot/.m2/repository/org/springframework/boot/spring-boot-test/2.5.0/spring-boot-test-2.5.0.jar:/home/viniciusscot/.m2/repository/org/springframework/boot/spring-boot-test-autoconfigure/2.5.0/spring-boot-test-autoconfigure-2.5.0.jar:/home/viniciusscot/.m2/repository/com/jayway/jsonpath/json-path/2.5.0/json-path-2.5.0.jar:/home/viniciusscot/.m2/repository/net/minidev/json-smart/2.4.7/json-smart-2.4.7.jar:/home/viniciusscot/.m2/repository/net/minidev/accessors-smart/2.4.7/accessors-smart-2.4.7.jar:/home/viniciusscot/.m2/repository/org/ow2/asm/asm/9.1/asm-9.1.jar:/home/viniciusscot/.m2/repository/jakarta/xml/bind/jakarta.xml.bind-api/2.3.3/jakarta.xml.bind-api-2.3.3.jar:/home/viniciusscot/.m2/repository/jakarta/activation/jakarta.activation-api/1.2.2/jakarta.activation-api-1.2.2.jar:/home/viniciusscot/.m2/repository/org/assertj/assertj-core/3.19.0/assertj-core-3.19.0.jar:/home/viniciusscot/.m2/repository/org/hamcrest/hamcrest/2.2/hamcrest-2.2.jar:/home/viniciusscot/.m2/repository/org/junit/jupiter/junit-jupiter/5.7.2/junit-jupiter-5.7.2.jar:/home/viniciusscot/.m2/repository/org/junit/jupiter/junit-jupiter-params/5.7.2/junit-jupiter-params-5.7.2.jar:/home/viniciusscot/.m2/repository/org/mockito/mockito-core/3.9.0/mockito-core-3.9.0.jar:/home/viniciusscot/.m2/repository/net/bytebuddy/byte-buddy/1.10.22/byte-buddy-1.10.22.jar:/home/viniciusscot/.m2/repository/net/bytebuddy/byte-buddy-agent/1.10.22/byte-buddy-agent-1.10.22.jar:/home/viniciusscot/.m2/repository/org/objenesis/objenesis/3.2/objenesis-3.2.jar:/home/viniciusscot/.m2/repository/org/mockito/mockito-junit-jupiter/3.9.0/mockito-junit-jupiter-3.9.0.jar:/home/viniciusscot/.m2/repository/org/skyscreamer/jsonassert/1.5.0/jsonassert-1.5.0.jar:/home/viniciusscot/.m2/repository/com/vaadin/external/google/android-json/0.0.20131108.vaadin1/android-json-0.0.20131108.vaadin1.jar:/home/viniciusscot/.m2/repository/org/springframework/spring-core/5.3.7/spring-core-5.3.7.jar:/home/viniciusscot/.m2/repository/org/springframework/spring-jcl/5.3.7/spring-jcl-5.3.7.jar:/home/viniciusscot/.m2/repository/org/springframework/spring-test/5.3.7/spring-test-5.3.7.jar:/home/viniciusscot/.m2/repository/org/xmlunit/xmlunit-core/2.8.2/xmlunit-core-2.8.2.jar:/home/viniciusscot/.m2/repository/org/springframework/cloud/spring-cloud-starter-bootstrap/3.0.3/spring-cloud-starter-bootstrap-3.0.3.jar:/home/viniciusscot/.m2/repository/org/junit/platform/junit-platform-launcher/1.7.2/junit-platform-launcher-1.7.2.jar:/home/viniciusscot/.m2/repository/org/apiguardian/apiguardian-api/1.1.0/apiguardian-api-1.1.0.jar:/home/viniciusscot/.m2/repository/org/junit/platform/junit-platform-engine/1.7.2/junit-platform-engine-1.7.2.jar:/home/viniciusscot/.m2/repository/org/opentest4j/opentest4j/1.2.0/opentest4j-1.2.0.jar:/home/viniciusscot/.m2/repository/org/junit/platform/junit-platform-commons/1.7.2/junit-platform-commons-1.7.2.jar:/home/viniciusscot/.m2/repository/org/junit/jupiter/junit-jupiter-engine/5.7.2/junit-jupiter-engine-5.7.2.jar:/home/viniciusscot/.m2/repository/org/junit/jupiter/junit-jupiter-api/5.7.2/junit-jupiter-api-5.7.2.jar:/home/viniciusscot/.m2/repository/org/junit/vintage/junit-vintage-engine/5.7.2/junit-vintage-engine-5.7.2.jar:/home/viniciusscot/.m2/repository/junit/junit/4.13.2/junit-4.13.2.jar:/home/viniciusscot/.m2/repository/org/hamcrest/hamcrest-core/2.2/hamcrest-core-2.2.jar:/home/viniciusscot/.m2/repository/com/tngtech/archunit/archunit-junit5/0.20.1/archunit-junit5-0.20.1.jar:/home/viniciusscot/.m2/repository/com/tngtech/archunit/archunit-junit5-api/0.20.1/archunit-junit5-api-0.20.1.jar:/home/viniciusscot/.m2/repository/com/tngtech/archunit/archunit/0.20.1/archunit-0.20.1.jar:/home/viniciusscot/.m2/repository/com/tngtech/archunit/archunit-junit5-engine/0.20.1/archunit-junit5-engine-0.20.1.jar:/home/viniciusscot/.m2/repository/com/tngtech/archunit/archunit-junit5-engine-api/0.20.1/archunit-junit5-engine-api-0.20.1.jar:/home/viniciusscot/.m2/repository/org/apache/commons/commons-lang3/3.12.0/commons-lang3-3.12.0.jar:/home/viniciusscot/.m2/repository/org/springframework/cloud/spring-cloud-contract-wiremock/3.0.3/spring-cloud-contract-wiremock-3.0.3.jar:/home/viniciusscot/.m2/repository/com/github/tomakehurst/wiremock-jre8-standalone/2.27.1/wiremock-jre8-standalone-2.27.1.jar:/home/viniciusscot/.m2/repository/org/apache/httpcomponents/httpclient/4.5.13/httpclient-4.5.13.jar:/home/viniciusscot/.m2/repository/org/apache/httpcomponents/httpcore/4.4.14/httpcore-4.4.14.jar:/home/viniciusscot/.m2/repository/commons-codec/commons-codec/1.15/commons-codec-1.15.jar:/home/viniciusscot/.m2/repository/org/springframework/kafka/spring-kafka/2.7.2/spring-kafka-2.7.2.jar:/home/viniciusscot/.m2/repository/org/springframework/spring-context/5.3.7/spring-context-5.3.7.jar:/home/viniciusscot/.m2/repository/org/springframework/spring-messaging/5.3.7/spring-messaging-5.3.7.jar:/home/viniciusscot/.m2/repository/org/springframework/spring-tx/5.3.7/spring-tx-5.3.7.jar:/home/viniciusscot/.m2/repository/org/springframework/retry/spring-retry/1.3.1/spring-retry-1.3.1.jar:/home/viniciusscot/.m2/repository/javax/annotation/javax.annotation-api/1.3.2/javax.annotation-api-1.3.2.jar:/home/viniciusscot/.m2/repository/org/apache/kafka/kafka-clients/2.7.1/kafka-clients-2.7.1.jar:/home/viniciusscot/.m2/repository/com/github/luben/zstd-jni/1.4.5-6/zstd-jni-1.4.5-6.jar:/home/viniciusscot/.m2/repository/org/lz4/lz4-java/1.7.1/lz4-java-1.7.1.jar:/home/viniciusscot/.m2/repository/org/xerial/snappy/snappy-java/1.1.7.7/snappy-java-1.1.7.7.jar:/home/viniciusscot/.m2/repository/org/jetbrains/kotlin/kotlin-stdlib/1.5.0/kotlin-stdlib-1.5.0.jar:/home/viniciusscot/.m2/repository/org/jetbrains/annotations/13.0/annotations-13.0.jar:/home/viniciusscot/.m2/repository/org/jetbrains/kotlin/kotlin-stdlib-common/1.5.0/kotlin-stdlib-common-1.5.0.jar:/home/viniciusscot/.m2/repository/com/google/code/findbugs/jsr305/3.0.2/jsr305-3.0.2.jar:/home/viniciusscot/.m2/repository/org/springframework/kafka/spring-kafka-test/2.6.3/spring-kafka-test-2.6.3.jar:/home/viniciusscot/.m2/repository/org/apache/kafka/kafka-clients/2.6.0/kafka-clients-2.6.0-test.jar:/home/viniciusscot/.m2/repository/org/apache/kafka/kafka-streams/2.7.1/kafka-streams-2.7.1.jar:/home/viniciusscot/.m2/repository/org/apache/kafka/connect-json/2.7.1/connect-json-2.7.1.jar:/home/viniciusscot/.m2/repository/org/apache/kafka/connect-api/2.7.1/connect-api-2.7.1.jar:/home/viniciusscot/.m2/repository/org/rocksdb/rocksdbjni/5.18.4/rocksdbjni-5.18.4.jar:/home/viniciusscot/.m2/repository/org/apache/kafka/kafka-streams-test-utils/2.7.1/kafka-streams-test-utils-2.7.1.jar:/home/viniciusscot/.m2/repository/org/apache/kafka/kafka_2.13/2.7.1/kafka_2.13-2.7.1.jar:/home/viniciusscot/.m2/repository/org/apache/kafka/kafka-raft/2.7.1/kafka-raft-2.7.1.jar:/home/viniciusscot/.m2/repository/com/fasterxml/jackson/module/jackson-module-scala_2.13/2.12.3/jackson-module-scala_2.13-2.12.3.jar:/home/viniciusscot/.m2/repository/com/thoughtworks/paranamer/paranamer/2.8/paranamer-2.8.jar:/home/viniciusscot/.m2/repository/com/fasterxml/jackson/dataformat/jackson-dataformat-csv/2.12.3/jackson-dataformat-csv-2.12.3.jar:/home/viniciusscot/.m2/repository/net/sf/jopt-simple/jopt-simple/5.0.4/jopt-simple-5.0.4.jar:/home/viniciusscot/.m2/repository/com/yammer/metrics/metrics-core/2.2.0/metrics-core-2.2.0.jar:/home/viniciusscot/.m2/repository/org/scala-lang/modules/scala-collection-compat_2.13/2.2.0/scala-collection-compat_2.13-2.2.0.jar:/home/viniciusscot/.m2/repository/org/scala-lang/modules/scala-java8-compat_2.13/0.9.1/scala-java8-compat_2.13-0.9.1.jar:/home/viniciusscot/.m2/repository/org/scala-lang/scala-library/2.13.3/scala-library-2.13.3.jar:/home/viniciusscot/.m2/repository/org/scala-lang/scala-reflect/2.13.3/scala-reflect-2.13.3.jar:/home/viniciusscot/.m2/repository/com/typesafe/scala-logging/scala-logging_2.13/3.9.2/scala-logging_2.13-3.9.2.jar:/home/viniciusscot/.m2/repository/org/apache/zookeeper/zookeeper/3.5.9/zookeeper-3.5.9.jar:/home/viniciusscot/.m2/repository/org/apache/zookeeper/zookeeper-jute/3.5.9/zookeeper-jute-3.5.9.jar:/home/viniciusscot/.m2/repository/org/apache/yetus/audience-annotations/0.5.0/audience-annotations-0.5.0.jar:/home/viniciusscot/.m2/repository/io/netty/netty-handler/4.1.65.Final/netty-handler-4.1.65.Final.jar:/home/viniciusscot/.m2/repository/io/netty/netty-common/4.1.65.Final/netty-common-4.1.65.Final.jar:/home/viniciusscot/.m2/repository/io/netty/netty-resolver/4.1.65.Final/netty-resolver-4.1.65.Final.jar:/home/viniciusscot/.m2/repository/io/netty/netty-buffer/4.1.65.Final/netty-buffer-4.1.65.Final.jar:/home/viniciusscot/.m2/repository/io/netty/netty-transport/4.1.65.Final/netty-transport-4.1.65.Final.jar:/home/viniciusscot/.m2/repository/io/netty/netty-codec/4.1.65.Final/netty-codec-4.1.65.Final.jar:/home/viniciusscot/.m2/repository/io/netty/netty-transport-native-epoll/4.1.65.Final/netty-transport-native-epoll-4.1.65.Final.jar:/home/viniciusscot/.m2/repository/io/netty/netty-transport-native-unix-common/4.1.65.Final/netty-transport-native-unix-common-4.1.65.Final.jar:/home/viniciusscot/.m2/repository/commons-cli/commons-cli/1.4/commons-cli-1.4.jar:/home/viniciusscot/.m2/repository/org/apache/kafka/kafka_2.13/2.6.0/kafka_2.13-2.6.0-test.jar:"/>
    <property name="java.vm.vendor" value="Private Build"/>
    <property name="sun.arch.data.model" value="64"/>
    <property name="java.vendor.url" value="Unknown"/>
    <property name="user.timezone" value=""/>
    <property name="java.vm.specification.version" value="11"/>
    <property name="os.name" value="Linux"/>
    <property name="sun.java.launcher" value="SUN_STANDARD"/>
    <property name="user.country" value="BR"/>
    <property name="sun.boot.library.path" value="/usr/lib/jvm/java-11-openjdk-amd64/lib"/>
    <property name="sun.java.command" value="/home/viniciusscot/Documentos/JAVA-WORKSPACE/ESTUDO/api-springboot-votacao/target/surefire/surefirebooter15115099417595278090.jar /home/viniciusscot/Documentos/JAVA-WORKSPACE/ESTUDO/api-springboot-votacao/target/surefire 2022-06-03T13-01-26_427-jvmRun1 surefire17092278117956547524tmp surefire_015461701426825593818tmp"/>
    <property name="jdk.debug" value="release"/>
    <property name="surefire.test.class.path" value="/home/viniciusscot/Documentos/JAVA-WORKSPACE/ESTUDO/api-springboot-votacao/target/test-classes:/home/viniciusscot/Documentos/JAVA-WORKSPACE/ESTUDO/api-springboot-votacao/target/classes:/home/viniciusscot/.m2/repository/org/springframework/boot/spring-boot-starter-data-mongodb/2.5.0/spring-boot-starter-data-mongodb-2.5.0.jar:/home/viniciusscot/.m2/repository/org/springframework/boot/spring-boot-starter/2.5.0/spring-boot-starter-2.5.0.jar:/home/viniciusscot/.m2/repository/org/springframework/boot/spring-boot/2.5.0/spring-boot-2.5.0.jar:/home/viniciusscot/.m2/repository/org/springframework/boot/spring-boot-autoconfigure/2.5.0/spring-boot-autoconfigure-2.5.0.jar:/home/viniciusscot/.m2/repository/org/springframework/boot/spring-boot-starter-logging/2.5.0/spring-boot-starter-logging-2.5.0.jar:/home/viniciusscot/.m2/repository/ch/qos/logback/logback-classic/1.2.3/logback-classic-1.2.3.jar:/home/viniciusscot/.m2/repository/ch/qos/logback/logback-core/1.2.3/logback-core-1.2.3.jar:/home/viniciusscot/.m2/repository/org/apache/logging/log4j/log4j-to-slf4j/2.14.1/log4j-to-slf4j-2.14.1.jar:/home/viniciusscot/.m2/repository/org/apache/logging/log4j/log4j-api/2.14.1/log4j-api-2.14.1.jar:/home/viniciusscot/.m2/repository/org/slf4j/jul-to-slf4j/1.7.30/jul-to-slf4j-1.7.30.jar:/home/viniciusscot/.m2/repository/jakarta/annotation/jakarta.annotation-api/1.3.5/jakarta.annotation-api-1.3.5.jar:/home/viniciusscot/.m2/repository/org/yaml/snakeyaml/1.28/snakeyaml-1.28.jar:/home/viniciusscot/.m2/repository/org/mongodb/mongodb-driver-sync/4.2.3/mongodb-driver-sync-4.2.3.jar:/home/viniciusscot/.m2/repository/org/mongodb/bson/4.2.3/bson-4.2.3.jar:/home/viniciusscot/.m2/repository/org/mongodb/mongodb-driver-core/4.2.3/mongodb-driver-core-4.2.3.jar:/home/viniciusscot/.m2/repository/org/springframework/data/spring-data-mongodb/3.2.1/spring-data-mongodb-3.2.1.jar:/home/viniciusscot/.m2/repository/org/springframework/spring-beans/5.3.7/spring-beans-5.3.7.jar:/home/viniciusscot/.m2/repository/org/springframework/spring-expression/5.3.7/spring-expression-5.3.7.jar:/home/viniciusscot/.m2/repository/org/springframework/data/spring-data-commons/2.5.1/spring-data-commons-2.5.1.jar:/home/viniciusscot/.m2/repository/de/flapdoodle/embed/de.flapdoodle.embed.mongo/3.0.0/de.flapdoodle.embed.mongo-3.0.0.jar:/home/viniciusscot/.m2/repository/de/flapdoodle/embed/de.flapdoodle.embed.process/3.0.1/de.flapdoodle.embed.process-3.0.1.jar:/home/viniciusscot/.m2/repository/org/apache/commons/commons-compress/1.20/commons-compress-1.20.jar:/home/viniciusscot/.m2/repository/net/java/dev/jna/jna/5.6.0/jna-5.6.0.jar:/home/viniciusscot/.m2/repository/net/java/dev/jna/jna-platform/5.6.0/jna-platform-5.6.0.jar:/home/viniciusscot/.m2/repository/org/springframework/boot/spring-boot-starter-web/2.5.0/spring-boot-starter-web-2.5.0.jar:/home/viniciusscot/.m2/repository/org/springframework/boot/spring-boot-starter-json/2.5.0/spring-boot-starter-json-2.5.0.jar:/home/viniciusscot/.m2/repository/com/fasterxml/jackson/datatype/jackson-datatype-jdk8/2.12.3/jackson-datatype-jdk8-2.12.3.jar:/home/viniciusscot/.m2/repository/com/fasterxml/jackson/module/jackson-module-parameter-names/2.12.3/jackson-module-parameter-names-2.12.3.jar:/home/viniciusscot/.m2/repository/org/springframework/boot/spring-boot-starter-tomcat/2.5.0/spring-boot-starter-tomcat-2.5.0.jar:/home/viniciusscot/.m2/repository/org/apache/tomcat/embed/tomcat-embed-core/9.0.46/tomcat-embed-core-9.0.46.jar:/home/viniciusscot/.m2/repository/org/apache/tomcat/embed/tomcat-embed-websocket/9.0.46/tomcat-embed-websocket-9.0.46.jar:/home/viniciusscot/.m2/repository/org/springframework/spring-web/5.3.7/spring-web-5.3.7.jar:/home/viniciusscot/.m2/repository/org/springframework/spring-webmvc/5.3.7/spring-webmvc-5.3.7.jar:/home/viniciusscot/.m2/repository/org/springframework/cloud/spring-cloud-starter-config/3.0.4/spring-cloud-starter-config-3.0.4.jar:/home/viniciusscot/.m2/repository/org/springframework/cloud/spring-cloud-starter/3.0.3/spring-cloud-starter-3.0.3.jar:/home/viniciusscot/.m2/repository/org/springframework/cloud/spring-cloud-context/3.0.3/spring-cloud-context-3.0.3.jar:/home/viniciusscot/.m2/repository/org/springframework/security/spring-security-rsa/1.0.10.RELEASE/spring-security-rsa-1.0.10.RELEASE.jar:/home/viniciusscot/.m2/repository/org/bouncycastle/bcpkix-jdk15on/1.68/bcpkix-jdk15on-1.68.jar:/home/viniciusscot/.m2/repository/org/bouncycastle/bcprov-jdk15on/1.68/bcprov-jdk15on-1.68.jar:/home/viniciusscot/.m2/repository/org/springframework/cloud/spring-cloud-config-client/3.0.4/spring-cloud-config-client-3.0.4.jar:/home/viniciusscot/.m2/repository/com/fasterxml/jackson/core/jackson-databind/2.12.3/jackson-databind-2.12.3.jar:/home/viniciusscot/.m2/repository/org/springframework/boot/spring-boot-starter-actuator/2.5.0/spring-boot-starter-actuator-2.5.0.jar:/home/viniciusscot/.m2/repository/org/springframework/boot/spring-boot-actuator-autoconfigure/2.5.0/spring-boot-actuator-autoconfigure-2.5.0.jar:/home/viniciusscot/.m2/repository/org/springframework/boot/spring-boot-actuator/2.5.0/spring-boot-actuator-2.5.0.jar:/home/viniciusscot/.m2/repository/io/micrometer/micrometer-core/1.7.0/micrometer-core-1.7.0.jar:/home/viniciusscot/.m2/repository/org/hdrhistogram/HdrHistogram/2.1.12/HdrHistogram-2.1.12.jar:/home/viniciusscot/.m2/repository/org/latencyutils/LatencyUtils/2.0.3/LatencyUtils-2.0.3.jar:/home/viniciusscot/.m2/repository/org/mapstruct/mapstruct/1.4.2.Final/mapstruct-1.4.2.Final.jar:/home/viniciusscot/.m2/repository/com/fasterxml/jackson/datatype/jackson-datatype-jsr310/2.12.3/jackson-datatype-jsr310-2.12.3.jar:/home/viniciusscot/.m2/repository/com/fasterxml/jackson/core/jackson-annotations/2.12.3/jackson-annotations-2.12.3.jar:/home/viniciusscot/.m2/repository/com/fasterxml/jackson/core/jackson-core/2.12.3/jackson-core-2.12.3.jar:/home/viniciusscot/.m2/repository/org/openapitools/jackson-databind-nullable/0.2.1/jackson-databind-nullable-0.2.1.jar:/home/viniciusscot/.m2/repository/io/micrometer/micrometer-registry-prometheus/1.7.0/micrometer-registry-prometheus-1.7.0.jar:/home/viniciusscot/.m2/repository/io/prometheus/simpleclient_common/0.10.0/simpleclient_common-0.10.0.jar:/home/viniciusscot/.m2/repository/io/prometheus/simpleclient/0.10.0/simpleclient-0.10.0.jar:/home/viniciusscot/.m2/repository/org/springframework/boot/spring-boot-starter-aop/2.5.0/spring-boot-starter-aop-2.5.0.jar:/home/viniciusscot/.m2/repository/org/springframework/spring-aop/5.3.7/spring-aop-5.3.7.jar:/home/viniciusscot/.m2/repository/org/aspectj/aspectjweaver/1.9.6/aspectjweaver-1.9.6.jar:/home/viniciusscot/.m2/repository/org/springframework/cloud/spring-cloud-starter-openfeign/3.0.3/spring-cloud-starter-openfeign-3.0.3.jar:/home/viniciusscot/.m2/repository/org/springframework/cloud/spring-cloud-openfeign-core/3.0.3/spring-cloud-openfeign-core-3.0.3.jar:/home/viniciusscot/.m2/repository/io/github/openfeign/form/feign-form-spring/3.8.0/feign-form-spring-3.8.0.jar:/home/viniciusscot/.m2/repository/io/github/openfeign/form/feign-form/3.8.0/feign-form-3.8.0.jar:/home/viniciusscot/.m2/repository/commons-fileupload/commons-fileupload/1.4/commons-fileupload-1.4.jar:/home/viniciusscot/.m2/repository/commons-io/commons-io/2.2/commons-io-2.2.jar:/home/viniciusscot/.m2/repository/org/springframework/cloud/spring-cloud-commons/3.0.3/spring-cloud-commons-3.0.3.jar:/home/viniciusscot/.m2/repository/org/springframework/security/spring-security-crypto/5.5.0/spring-security-crypto-5.5.0.jar:/home/viniciusscot/.m2/repository/io/github/openfeign/feign-core/10.12/feign-core-10.12.jar:/home/viniciusscot/.m2/repository/io/github/openfeign/feign-slf4j/10.12/feign-slf4j-10.12.jar:/home/viniciusscot/.m2/repository/org/springframework/boot/spring-boot-starter-validation/2.5.0/spring-boot-starter-validation-2.5.0.jar:/home/viniciusscot/.m2/repository/org/apache/tomcat/embed/tomcat-embed-el/9.0.46/tomcat-embed-el-9.0.46.jar:/home/viniciusscot/.m2/repository/org/hibernate/validator/hibernate-validator/6.2.0.Final/hibernate-validator-6.2.0.Final.jar:/home/viniciusscot/.m2/repository/jakarta/validation/jakarta.validation-api/2.0.2/jakarta.validation-api-2.0.2.jar:/home/viniciusscot/.m2/repository/org/jboss/logging/jboss-logging/3.4.1.Final/jboss-logging-3.4.1.Final.jar:/home/viniciusscot/.m2/repository/io/github/resilience4j/resilience4j-spring-boot2/1.7.0/resilience4j-spring-boot2-1.7.0.jar:/home/viniciusscot/.m2/repository/io/vavr/vavr/0.10.2/vavr-0.10.2.jar:/home/viniciusscot/.m2/repository/io/vavr/vavr-match/0.10.2/vavr-match-0.10.2.jar:/home/viniciusscot/.m2/repository/org/slf4j/slf4j-api/1.7.30/slf4j-api-1.7.30.jar:/home/viniciusscot/.m2/repository/io/github/resilience4j/resilience4j-spring/1.7.0/resilience4j-spring-1.7.0.jar:/home/viniciusscot/.m2/repository/io/github/resilience4j/resilience4j-annotations/1.7.0/resilience4j-annotations-1.7.0.jar:/home/viniciusscot/.m2/repository/io/github/resilience4j/resilience4j-consumer/1.7.0/resilience4j-consumer-1.7.0.jar:/home/viniciusscot/.m2/repository/io/github/resilience4j/resilience4j-core/1.7.0/resilience4j-core-1.7.0.jar:/home/viniciusscot/.m2/repository/io/github/resilience4j/resilience4j-circularbuffer/1.7.0/resilience4j-circularbuffer-1.7.0.jar:/home/viniciusscot/.m2/repository/io/github/resilience4j/resilience4j-framework-common/1.7.0/resilience4j-framework-common-1.7.0.jar:/home/viniciusscot/.m2/repository/io/github/resilience4j/resilience4j-circuitbreaker/1.7.0/resilience4j-circuitbreaker-1.7.0.jar:/home/viniciusscot/.m2/repository/io/github/resilience4j/resilience4j-ratelimiter/1.7.0/resilience4j-ratelimiter-1.7.0.jar:/home/viniciusscot/.m2/repository/io/github/resilience4j/resilience4j-retry/1.7.0/resilience4j-retry-1.7.0.jar:/home/viniciusscot/.m2/repository/io/github/resilience4j/resilience4j-bulkhead/1.7.0/resilience4j-bulkhead-1.7.0.jar:/home/viniciusscot/.m2/repository/io/github/resilience4j/resilience4j-timelimiter/1.7.0/resilience4j-timelimiter-1.7.0.jar:/home/viniciusscot/.m2/repository/io/github/resilience4j/resilience4j-micrometer/1.7.0/resilience4j-micrometer-1.7.0.jar:/home/viniciusscot/.m2/repository/io/springfox/springfox-swagger2/2.9.2/springfox-swagger2-2.9.2.jar:/home/viniciusscot/.m2/repository/io/swagger/swagger-annotations/1.5.20/swagger-annotations-1.5.20.jar:/home/viniciusscot/.m2/repository/io/swagger/swagger-models/1.5.20/swagger-models-1.5.20.jar:/home/viniciusscot/.m2/repository/io/springfox/springfox-spi/2.9.2/springfox-spi-2.9.2.jar:/home/viniciusscot/.m2/repository/io/springfox/springfox-core/2.9.2/springfox-core-2.9.2.jar:/home/viniciusscot/.m2/repository/io/springfox/springfox-schema/2.9.2/springfox-schema-2.9.2.jar:/home/viniciusscot/.m2/repository/io/springfox/springfox-swagger-common/2.9.2/springfox-swagger-common-2.9.2.jar:/home/viniciusscot/.m2/repository/io/springfox/springfox-spring-web/2.9.2/springfox-spring-web-2.9.2.jar:/home/viniciusscot/.m2/repository/com/google/guava/guava/20.0/guava-20.0.jar:/home/viniciusscot/.m2/repository/com/fasterxml/classmate/1.5.1/classmate-1.5.1.jar:/home/viniciusscot/.m2/repository/org/springframework/plugin/spring-plugin-core/1.2.0.RELEASE/spring-plugin-core-1.2.0.RELEASE.jar:/home/viniciusscot/.m2/repository/org/springframework/plugin/spring-plugin-metadata/1.2.0.RELEASE/spring-plugin-metadata-1.2.0.RELEASE.jar:/home/viniciusscot/.m2/repository/io/springfox/springfox-bean-validators/2.9.2/springfox-bean-validators-2.9.2.jar:/home/viniciusscot/.m2/repository/io/springfox/springfox-swagger-ui/2.9.2/springfox-swagger-ui-2.9.2.jar:/home/viniciusscot/.m2/repository/org/springframework/boot/spring-boot-starter-test/2.5.0/spring-boot-starter-test-2.5.0.jar:/home/viniciusscot/.m2/repository/org/springframework/boot/spring-boot-test/2.5.0/spring-boot-test-2.5.0.jar:/home/viniciusscot/.m2/repository/org/springframework/boot/spring-boot-test-autoconfigure/2.5.0/spring-boot-test-autoconfigure-2.5.0.jar:/home/viniciusscot/.m2/repository/com/jayway/jsonpath/json-path/2.5.0/json-path-2.5.0.jar:/home/viniciusscot/.m2/repository/net/minidev/json-smart/2.4.7/json-smart-2.4.7.jar:/home/viniciusscot/.m2/repository/net/minidev/accessors-smart/2.4.7/accessors-smart-2.4.7.jar:/home/viniciusscot/.m2/repository/org/ow2/asm/asm/9.1/asm-9.1.jar:/home/viniciusscot/.m2/repository/jakarta/xml/bind/jakarta.xml.bind-api/2.3.3/jakarta.xml.bind-api-2.3.3.jar:/home/viniciusscot/.m2/repository/jakarta/activation/jakarta.activation-api/1.2.2/jakarta.activation-api-1.2.2.jar:/home/viniciusscot/.m2/repository/org/assertj/assertj-core/3.19.0/assertj-core-3.19.0.jar:/home/viniciusscot/.m2/repository/org/hamcrest/hamcrest/2.2/hamcrest-2.2.jar:/home/viniciusscot/.m2/repository/org/junit/jupiter/junit-jupiter/5.7.2/junit-jupiter-5.7.2.jar:/home/viniciusscot/.m2/repository/org/junit/jupiter/junit-jupiter-params/5.7.2/junit-jupiter-params-5.7.2.jar:/home/viniciusscot/.m2/repository/org/mockito/mockito-core/3.9.0/mockito-core-3.9.0.jar:/home/viniciusscot/.m2/repository/net/bytebuddy/byte-buddy/1.10.22/byte-buddy-1.10.22.jar:/home/viniciusscot/.m2/repository/net/bytebuddy/byte-buddy-agent/1.10.22/byte-buddy-agent-1.10.22.jar:/home/viniciusscot/.m2/repository/org/objenesis/objenesis/3.2/objenesis-3.2.jar:/home/viniciusscot/.m2/repository/org/mockito/mockito-junit-jupiter/3.9.0/mockito-junit-jupiter-3.9.0.jar:/home/viniciusscot/.m2/repository/org/skyscreamer/jsonassert/1.5.0/jsonassert-1.5.0.jar:/home/viniciusscot/.m2/repository/com/vaadin/external/google/android-json/0.0.20131108.vaadin1/android-json-0.0.20131108.vaadin1.jar:/home/viniciusscot/.m2/repository/org/springframework/spring-core/5.3.7/spring-core-5.3.7.jar:/home/viniciusscot/.m2/repository/org/springframework/spring-jcl/5.3.7/spring-jcl-5.3.7.jar:/home/viniciusscot/.m2/repository/org/springframework/spring-test/5.3.7/spring-test-5.3.7.jar:/home/viniciusscot/.m2/repository/org/xmlunit/xmlunit-core/2.8.2/xmlunit-core-2.8.2.jar:/home/viniciusscot/.m2/repository/org/springframework/cloud/spring-cloud-starter-bootstrap/3.0.3/spring-cloud-starter-bootstrap-3.0.3.jar:/home/viniciusscot/.m2/repository/org/junit/platform/junit-platform-launcher/1.7.2/junit-platform-launcher-1.7.2.jar:/home/viniciusscot/.m2/repository/org/apiguardian/apiguardian-api/1.1.0/apiguardian-api-1.1.0.jar:/home/viniciusscot/.m2/repository/org/junit/platform/junit-platform-engine/1.7.2/junit-platform-engine-1.7.2.jar:/home/viniciusscot/.m2/repository/org/opentest4j/opentest4j/1.2.0/opentest4j-1.2.0.jar:/home/viniciusscot/.m2/repository/org/junit/platform/junit-platform-commons/1.7.2/junit-platform-commons-1.7.2.jar:/home/viniciusscot/.m2/repository/org/junit/jupiter/junit-jupiter-engine/5.7.2/junit-jupiter-engine-5.7.2.jar:/home/viniciusscot/.m2/repository/org/junit/jupiter/junit-jupiter-api/5.7.2/junit-jupiter-api-5.7.2.jar:/home/viniciusscot/.m2/repository/org/junit/vintage/junit-vintage-engine/5.7.2/junit-vintage-engine-5.7.2.jar:/home/viniciusscot/.m2/repository/junit/junit/4.13.2/junit-4.13.2.jar:/home/viniciusscot/.m2/repository/org/hamcrest/hamcrest-core/2.2/hamcrest-core-2.2.jar:/home/viniciusscot/.m2/repository/com/tngtech/archunit/archunit-junit5/0.20.1/archunit-junit5-0.20.1.jar:/home/viniciusscot/.m2/repository/com/tngtech/archunit/archunit-junit5-api/0.20.1/archunit-junit5-api-0.20.1.jar:/home/viniciusscot/.m2/repository/com/tngtech/archunit/archunit/0.20.1/archunit-0.20.1.jar:/home/viniciusscot/.m2/repository/com/tngtech/archunit/archunit-junit5-engine/0.20.1/archunit-junit5-engine-0.20.1.jar:/home/viniciusscot/.m2/repository/com/tngtech/archunit/archunit-junit5-engine-api/0.20.1/archunit-junit5-engine-api-0.20.1.jar:/home/viniciusscot/.m2/repository/org/apache/commons/commons-lang3/3.12.0/commons-lang3-3.12.0.jar:/home/viniciusscot/.m2/repository/org/springframework/cloud/spring-cloud-contract-wiremock/3.0.3/spring-cloud-contract-wiremock-3.0.3.jar:/home/viniciusscot/.m2/repository/com/github/tomakehurst/wiremock-jre8-standalone/2.27.1/wiremock-jre8-standalone-2.27.1.jar:/home/viniciusscot/.m2/repository/org/apache/httpcomponents/httpclient/4.5.13/httpclient-4.5.13.jar:/home/viniciusscot/.m2/repository/org/apache/httpcomponents/httpcore/4.4.14/httpcore-4.4.14.jar:/home/viniciusscot/.m2/repository/commons-codec/commons-codec/1.15/commons-codec-1.15.jar:/home/viniciusscot/.m2/repository/org/springframework/kafka/spring-kafka/2.7.2/spring-kafka-2.7.2.jar:/home/viniciusscot/.m2/repository/org/springframework/spring-context/5.3.7/spring-context-5.3.7.jar:/home/viniciusscot/.m2/repository/org/springframework/spring-messaging/5.3.7/spring-messaging-5.3.7.jar:/home/viniciusscot/.m2/repository/org/springframework/spring-tx/5.3.7/spring-tx-5.3.7.jar:/home/viniciusscot/.m2/repository/org/springframework/retry/spring-retry/1.3.1/spring-retry-1.3.1.jar:/home/viniciusscot/.m2/repository/javax/annotation/javax.annotation-api/1.3.2/javax.annotation-api-1.3.2.jar:/home/viniciusscot/.m2/repository/org/apache/kafka/kafka-clients/2.7.1/kafka-clients-2.7.1.jar:/home/viniciusscot/.m2/repository/com/github/luben/zstd-jni/1.4.5-6/zstd-jni-1.4.5-6.jar:/home/viniciusscot/.m2/repository/org/lz4/lz4-java/1.7.1/lz4-java-1.7.1.jar:/home/viniciusscot/.m2/repository/org/xerial/snappy/snappy-java/1.1.7.7/snappy-java-1.1.7.7.jar:/home/viniciusscot/.m2/repository/org/jetbrains/kotlin/kotlin-stdlib/1.5.0/kotlin-stdlib-1.5.0.jar:/home/viniciusscot/.m2/repository/org/jetbrains/annotations/13.0/annotations-13.0.jar:/home/viniciusscot/.m2/repository/org/jetbrains/kotlin/kotlin-stdlib-common/1.5.0/kotlin-stdlib-common-1.5.0.jar:/home/viniciusscot/.m2/repository/com/google/code/findbugs/jsr305/3.0.2/jsr305-3.0.2.jar:/home/viniciusscot/.m2/repository/org/springframework/kafka/spring-kafka-test/2.6.3/spring-kafka-test-2.6.3.jar:/home/viniciusscot/.m2/repository/org/apache/kafka/kafka-clients/2.6.0/kafka-clients-2.6.0-test.jar:/home/viniciusscot/.m2/repository/org/apache/kafka/kafka-streams/2.7.1/kafka-streams-2.7.1.jar:/home/viniciusscot/.m2/repository/org/apache/kafka/connect-json/2.7.1/connect-json-2.7.1.jar:/home/viniciusscot/.m2/repository/org/apache/kafka/connect-api/2.7.1/connect-api-2.7.1.jar:/home/viniciusscot/.m2/repository/org/rocksdb/rocksdbjni/5.18.4/rocksdbjni-5.18.4.jar:/home/viniciusscot/.m2/repository/org/apache/kafka/kafka-streams-test-utils/2.7.1/kafka-streams-test-utils-2.7.1.jar:/home/viniciusscot/.m2/repository/org/apache/kafka/kafka_2.13/2.7.1/kafka_2.13-2.7.1.jar:/home/viniciusscot/.m2/repository/org/apache/kafka/kafka-raft/2.7.1/kafka-raft-2.7.1.jar:/home/viniciusscot/.m2/repository/com/fasterxml/jackson/module/jackson-module-scala_2.13/2.12.3/jackson-module-scala_2.13-2.12.3.jar:/home/viniciusscot/.m2/repository/com/thoughtworks/paranamer/paranamer/2.8/paranamer-2.8.jar:/home/viniciusscot/.m2/repository/com/fasterxml/jackson/dataformat/jackson-dataformat-csv/2.12.3/jackson-dataformat-csv-2.12.3.jar:/home/viniciusscot/.m2/repository/net/sf/jopt-simple/jopt-simple/5.0.4/jopt-simple-5.0.4.jar:/home/viniciusscot/.m2/repository/com/yammer/metrics/metrics-core/2.2.0/metrics-core-2.2.0.jar:/home/viniciusscot/.m2/repository/org/scala-lang/modules/scala-collection-compat_2.13/2.2.0/scala-collection-compat_2.13-2.2.0.jar:/home/viniciusscot/.m2/repository/org/scala-lang/modules/scala-java8-compat_2.13/0.9.1/scala-java8-compat_2.13-0.9.1.jar:/home/viniciusscot/.m2/repository/org/scala-lang/scala-library/2.13.3/scala-library-2.13.3.jar:/home/viniciusscot/.m2/repository/org/scala-lang/scala-reflect/2.13.3/scala-reflect-2.13.3.jar:/home/viniciusscot/.m2/repository/com/typesafe/scala-logging/scala-logging_2.13/3.9.2/scala-logging_2.13-3.9.2.jar:/home/viniciusscot/.m2/repository/org/apache/zookeeper/zookeeper/3.5.9/zookeeper-3.5.9.jar:/home/viniciusscot/.m2/repository/org/apache/zookeeper/zookeeper-jute/3.5.9/zookeeper-jute-3.5.9.jar:/home/viniciusscot/.m2/repository/org/apache/yetus/audience-annotations/0.5.0/audience-annotations-0.5.0.jar:/home/viniciusscot/.m2/repository/io/netty/netty-handler/4.1.65.Final/netty-handler-4.1.65.Final.jar:/home/viniciusscot/.m2/repository/io/netty/netty-common/4.1.65.Final/netty-common-4.1.65.Final.jar:/home/viniciusscot/.m2/repository/io/netty/netty-resolver/4.1.65.Final/netty-resolver-4.1.65.Final.jar:/home/viniciusscot/.m2/repository/io/netty/netty-buffer/4.1.65.Final/netty-buffer-4.1.65.Final.jar:/home/viniciusscot/.m2/repository/io/netty/netty-transport/4.1.65.Final/netty-transport-4.1.65.Final.jar:/home/viniciusscot/.m2/repository/io/netty/netty-codec/4.1.65.Final/netty-codec-4.1.65.Final.jar:/home/viniciusscot/.m2/repository/io/netty/netty-transport-native-epoll/4.1.65.Final/netty-transport-native-epoll-4.1.65.Final.jar:/home/viniciusscot/.m2/repository/io/netty/netty-transport-native-unix-common/4.1.65.Final/netty-transport-native-unix-common-4.1.65.Final.jar:/home/viniciusscot/.m2/repository/commons-cli/commons-cli/1.4/commons-cli-1.4.jar:/home/viniciusscot/.m2/repository/org/apache/kafka/kafka_2.13/2.6.0/kafka_2.13-2.6.0-test.jar:"/>
    <property name="sun.cpu.endian" value="little"/>
    <property name="user.home" value="/home/viniciusscot"/>
    <property name="user.language" value="pt"/>
    <property name="java.specification.vendor" value="Oracle Corporation"/>
    <property name="java.version.date" value="2022-04-19"/>
    <property name="java.home" value="/usr/lib/jvm/java-11-openjdk-amd64"/>
    <property name="file.separator" value="/"/>
    <property name="basedir" value="/home/viniciusscot/Documentos/JAVA-WORKSPACE/ESTUDO/api-springboot-votacao"/>
    <property name="java.vm.compressedOopsMode" value="Zero based"/>
    <property name="line.separator" value="&#10;"/>
    <property name="java.specification.name" value="Java Platform API Specification"/>
    <property name="java.vm.specification.vendor" value="Oracle Corporation"/>
    <property name="java.awt.graphicsenv" value="sun.awt.X11GraphicsEnvironment"/>
    <property name="surefire.real.class.path" value="/home/viniciusscot/Documentos/JAVA-WORKSPACE/ESTUDO/api-springboot-votacao/target/surefire/surefirebooter15115099417595278090.jar"/>
    <property name="sun.management.compiler" value="HotSpot 64-Bit Tiered Compilers"/>
    <property name="java.runtime.version" value="11.0.15+10-Ubuntu-0ubuntu0.20.04.1"/>
    <property name="user.name" value="viniciusscot"/>
    <property name="path.separator" value=":"/>
    <property name="os.version" value="5.13.0-41-generic"/>
    <property name="java.runtime.name" value="OpenJDK Runtime Environment"/>
    <property name="file.encoding" value="UTF-8"/>
    <property name="java.vm.name" value="OpenJDK 64-Bit Server VM"/>
    <property name="localRepository" value="/home/viniciusscot/.m2/repository"/>
    <property name="java.vendor.url.bug" value="Unknown"/>
    <property name="java.io.tmpdir" value="/tmp"/>
    <property name="java.version" value="11.0.15"/>
    <property name="user.dir" value="/home/viniciusscot/Documentos/JAVA-WORKSPACE/ESTUDO/api-springboot-votacao"/>
    <property name="os.arch" value="amd64"/>
    <property name="java.vm.specification.name" value="Java Virtual Machine Specification"/>
    <property name="java.awt.printerjob" value="sun.print.PSPrinterJob"/>
    <property name="sun.os.patch.level" value="unknown"/>
    <property name="java.library.path" value="/usr/java/packages/lib:/usr/lib/x86_64-linux-gnu/jni:/lib/x86_64-linux-gnu:/usr/lib/x86_64-linux-gnu:/usr/lib/jni:/lib:/usr/lib"/>
    <property name="java.vm.info" value="mixed mode, sharing"/>
    <property name="java.vendor" value="Private Build"/>
    <property name="java.vm.version" value="11.0.15+10-Ubuntu-0ubuntu0.20.04.1"/>
    <property name="sun.io.unicode.encoding" value="UnicodeLittle"/>
    <property name="java.class.version" value="55.0"/>
  </properties>
  <testcase name="shouldReturnSchedulleListWhenGetAll" classname="com.sicredi.votacao.internal.interactors.schedulle.GetAllSchedulesUseCaseTest" time="0.002"/>
</testsuite>